ninja: Entering directory `build'
[0/1] Regenerating build files.
Cleaning... 0 files.
The Meson build system
Version: 0.64.1
Source dir: /home/zby/dbt/instrew
Build dir: /home/zby/dbt/instrew/build
Build type: native build
Project name: instrew
Project version: undefined
C compiler for the host machine: cc (gcc 10.4.0 "cc (Ubuntu 10.4.0-4ubuntu1~22.04) 10.4.0")
C linker for the host machine: cc ld.bfd 2.38
C++ compiler for the host machine: c++ (gcc 11.4.0 "c++ (Ubuntu 11.4.0-1ubuntu1~22.04) 11.4.0")
C++ linker for the host machine: c++ ld.bfd 2.38
Host machine cpu family: x86_64
Host machine cpu: x86_64
llvm-config found: YES (/home/zby/dbt/env/bin/llvm-config) 15.0.7
Run-time dependency LLVM found: NO (tried config-tool)
llvm-config found: YES (/home/zby/dbt/env/bin/llvm-config) 15.0.7
Run-time dependency LLVM (modules: aarch64, analysis, passes, riscv, x86) found: YES 15.0.7
Dependency libcrypto found: YES 3.0.2 (cached)
Found pkg-config: /usr/bin/pkg-config (0.29.2)
Found CMake: /usr/bin/cmake (3.22.1)
Run-time dependency fadec found: NO (tried pkgconfig and cmake)
Looking for a fallback subproject for the dependency fadec
Building fallback subproject with default_library=static

Executing subproject fadec 

fadec| Project name: fadec
fadec| Project version: undefined
fadec| C compiler for the host machine: cc (gcc 10.4.0 "cc (Ubuntu 10.4.0-4ubuntu1~22.04) 10.4.0")
fadec| C linker for the host machine: cc ld.bfd 2.38
fadec| Program python3 found: YES (/usr/bin/python3)
fadec| Compiler for C supports arguments -fstrict-aliasing: YES (cached)
fadec| Compiler for C supports arguments -Wmissing-prototypes: YES (cached)
fadec| Compiler for C supports arguments -Wshadow: YES (cached)
fadec| Compiler for C supports arguments -Wwrite-strings: YES (cached)
fadec| Compiler for C supports arguments -Wswitch-default: YES (cached)
fadec| Compiler for C supports arguments -Winline: YES (cached)
fadec| Compiler for C supports arguments -Wstrict-prototypes: YES (cached)
fadec| Compiler for C supports arguments -Wundef: YES (cached)
fadec| Compiler for C supports arguments -Wno-overlength-strings: YES (cached)
fadec| Compiler for C supports arguments -Wcast-align: YES (cached)
fadec| Compiler for C supports arguments -Wcast-align=strict: YES (cached)
fadec| Build targets in project: 5
fadec| Subproject fadec finished.

Dependency fadec found: YES undefined (overridden)
Run-time dependency frvdec found: NO (tried pkgconfig and cmake)
Looking for a fallback subproject for the dependency frvdec
Building fallback subproject with default_library=static

Executing subproject frvdec 

frvdec| Project name: frvdec
frvdec| Project version: undefined
frvdec| C compiler for the host machine: cc (gcc 10.4.0 "cc (Ubuntu 10.4.0-4ubuntu1~22.04) 10.4.0")
frvdec| C linker for the host machine: cc ld.bfd 2.38
frvdec| Build targets in project: 7
frvdec| Subproject frvdec finished.

Dependency frvdec from subproject subprojects/frvdec found: YES undefined
Run-time dependency farmdec found: NO (tried pkgconfig and cmake)
Looking for a fallback subproject for the dependency farmdec
Building fallback subproject with default_library=static

Executing subproject farmdec 

farmdec| Project name: farmdec
farmdec| Project version: undefined
farmdec| C compiler for the host machine: cc (gcc 10.4.0 "cc (Ubuntu 10.4.0-4ubuntu1~22.04) 10.4.0")
farmdec| C linker for the host machine: cc ld.bfd 2.38
farmdec| Build targets in project: 8
farmdec| Subproject farmdec finished.

Dependency farmdec from subproject subprojects/farmdec found: YES undefined

Executing subproject rellume 

rellume| Project name: rellume
rellume| Project version: undefined
rellume| C compiler for the host machine: cc (gcc 10.4.0 "cc (Ubuntu 10.4.0-4ubuntu1~22.04) 10.4.0")
rellume| C linker for the host machine: cc ld.bfd 2.38
rellume| C++ compiler for the host machine: c++ (gcc 11.4.0 "c++ (Ubuntu 11.4.0-1ubuntu1~22.04) 11.4.0")
rellume| C++ linker for the host machine: c++ ld.bfd 2.38
rellume| Compiler for C++ supports arguments -Wshadow=local: YES (cached)
rellume| Compiler for C++ supports arguments -Wno-unused-parameter: YES (cached)
rellume| llvm-config found: YES (/home/zby/dbt/env/bin/llvm-config) 15.0.7
rellume| Run-time dependency LLVM found: NO (tried config-tool)
rellume| llvm-config found: YES (/home/zby/dbt/env/bin/llvm-config) 15.0.7
rellume| Run-time dependency LLVM (modules: aarch64, executionengine, riscv, x86) found: YES 15.0.7
rellume| Dependency fadec found: YES undefined (overridden)
rellume| Dependency frvdec found: YES undefined (cached)
rellume| Dependency farmdec found: YES undefined (cached)
rellume| Program python3 found: YES (/usr/bin/python3)
rellume| Program python3 found: YES (/usr/bin/python3)
rellume| Build targets in project: 22
rellume| Subproject rellume finished.

Compiler for C supports arguments -static-pie: YES (cached)
Compiler for C supports arguments -mpreferred-stack-boundary=3: YES (cached)
Library gomp found: YES
Library dl found: YES
Configuring instrew-server-config.h using configuration
Program python3 found: YES (/usr/bin/python3)
Program llvm-config found: YES (/home/zby/dbt/env/bin/llvm-config)
WARNING: You should add the boolean check kwarg to the run_command call.
         It currently defaults to false,
         but it will default to true in future releases of meson.
         See also: https://github.com/mesonbuild/meson/issues/9300
Build targets in project: 29

instrew undefined

  Subprojects
    fadec  : YES
    farmdec: YES
    frvdec : YES
    rellume: YES

Found ninja-1.10.1 at /usr/bin/ninja
[1/13] Linking target client/instrew-client
FAILED: client/instrew-client 
cc  -o client/instrew-client client/instrew-client.p/dispatch.c.o client/instrew-client.p/elf-loader.c.o client/instrew-client.p/emulate.c.o client/instrew-client.p/main.c.o client/instrew-client.p/math.c.o client/instrew-client.p/memory.c.o client/instrew-client.p/minilibc.c.o client/instrew-client.p/rtld.c.o client/instrew-client.p/translator.c.o -Wl,--as-needed -Wl,--no-undefined -Wl,--start-group -lgcc -ldl -static-pie -lgomp -Wl,--end-group
/usr/bin/ld: client/instrew-client.p/minilibc.c.o: in function `_start':
minilibc.c:(.text+0x0): multiple definition of `_start'; /usr/lib/gcc/x86_64-linux-gnu/10/../../../x86_64-linux-gnu/rcrt1.o:(.text+0x0): first defined here
/usr/bin/ld: /usr/lib/gcc/x86_64-linux-gnu/10/libgomp.a(target.o): in function `gomp_target_init':
(.text+0x33e): warning: Using 'dlopen' in statically linked applications requires at runtime the shared libraries from the glibc version used for linking
collect2: error: ld returned 1 exit status
ninja: build stopped: subcommand failed.
